[    0.05] [    OK] LOW_MEM mode disabled
[    0.05] [ DEBUG] Hell debug
[    0.05] [    OK] Loading package managment...
[    0.05] [    OK] Mounting system drive
[    0.15] [    OK] Mounting table: 0x7f09c81a2090 to /
[    0.15] [    OK] Initializing registry
[    0.25] [    OK] Registry: Mounted /PlotOS/system32/registry/system.reg to system
[    0.25] [ DEBUG] Registry: trying to lock /PlotOS/system32/registry/system.reg r
[    0.25] [ DEBUG] Registry: locking /PlotOS/system32/registry/system.reg r
[    0.25] [    OK] Registry: reading /PlotOS/system32/registry/system.reg
[    0.25] [    OK] Opening file at /PlotOS/system32/registry/system.reg with mode rb
[    0.30] [    OK] Registry: Mounted /PlotOS/system32/registry/user_root.reg to user_root
[    0.30] [ DEBUG] Registry: trying to lock /PlotOS/system32/registry/user_root.reg r
[    0.30] [ DEBUG] Registry: locking /PlotOS/system32/registry/user_root.reg r
[    0.30] [    OK] Registry: reading /PlotOS/system32/registry/user_root.reg
[    0.30] [    OK] Opening file at /PlotOS/system32/registry/user_root.reg with mode rb
[    0.30] [ DEBUG] registry.get("system/registry/use_tmp_files_to_save, nil") called
[    0.30] [    OK] Registry use tmp files to save enabled
[    0.30] [ DEBUG] registry.get("system/low_mem, nil") called
[    0.30] [    OK] Loading drivers...
[    0.60] [    OK] Loading driver rdrive/drive_generic.lua
[    0.60] [    OK] Driver type: rdrive
[    0.65] [    OK] Loading driver sample/sample.lua
[    0.65] [    OK] Driver type: sample
[    0.70] [    OK] Loading driver internet/internet.lua
[    0.75] [    OK] Driver type: internet
[    0.80] [    OK] Loading driver gpu/gpu.lua
[    0.80] [    OK] Driver type: gpu
[    0.85] [    OK] Loading driver printer/openprinter.lua
[    0.85] [    OK] Driver type: printer
[    0.90] [    OK] Loading driver drive/filesystem.lua
[    0.95] [    OK] Driver type: drive
[    0.95] [    OK] Doing some user magic...
[    0.95] [    OK] Loading other files...
[    1.00] [    OK] Loaded 8 boot scripts.
[    1.00] [    OK] Running boot script PlotOS/system32/boot/001_devfs.lua
[    1.00] [    OK] Running boot script PlotOS/system32/boot/00_base.lua
[    1.00] [    OK] Loading base components
[    1.00] [    OK] Running boot script PlotOS/system32/boot/01_overrides.lua
[    1.05] [    OK] Overriding function so process can work
[    1.05] [    OK] Running boot script PlotOS/system32/boot/02_component.lua
[    1.05] [    OK] Running boot script PlotOS/system32/boot/05_OS.lua
[    1.05] [ DEBUG] registry.get("/system/shell, nil") called
[    1.05] [    OK] Enviornment variable SHELL has been set to /bin/shell.lua
[    1.05] [    OK] Enviornment variable BOOT has been set to /sys/system32
[    1.05] [    OK] Enviornment variable PATH has been set to /bin
[    1.05] [    OK] Enviornment variable LIB_PATH has been set to /lib
[    1.05] [    OK] Running boot script PlotOS/system32/boot/10_filesystem.lua
[    1.10] [    OK] Loading timeout handler
[    1.10] [    OK] load gpu drv
[    1.40] [    OK] A driver has been loaded outside of a process (kernel or we have a major security issue)
[    1.40] [    OK] loaded gpu drv
[    1.40] [    OK] got resolution
[    1.40] [ DEBUG] registry.get("system/processes/attach_security, nil") called
[    1.40] [    OK] New process named TimeoutHandler with pid1 created
[    1.40] [    OK] Loading DONE handler
[    1.40] [    OK] Opening file at /lib/event_listener.lua with mode r
[    1.40] [    OK] load gpu drv
[    1.70] [    OK] A driver has been loaded outside of a process (kernel or we have a major security issue)
[    1.70] [    OK] loaded gpu drv
[    1.70] [    OK] got resolution
[    1.70] [ DEBUG] registry.get("system/processes/attach_security, nil") called
[    1.70] [    OK] New process named eventlistener-component_added-704963571 with pid2 created
[    1.70] [    OK] Opening file at /lib/event_listener.lua with mode r
[    1.75] [    OK] load gpu drv
[    2.05] [    OK] A driver has been loaded outside of a process (kernel or we have a major security issue)
[    2.05] [    OK] loaded gpu drv
[    2.05] [    OK] got resolution
[    2.05] [ DEBUG] registry.get("system/processes/attach_security, nil") called
[    2.05] [    OK] New process named eventlistener-component_removed-846064071 with pid3 created
[    2.05] [    OK] load gpu drv
[    2.35] [    OK] A driver has been loaded outside of a process (kernel or we have a major security issue)
[    2.40] [    OK] loaded gpu drv
[    2.40] [    OK] got resolution
[    2.40] [ DEBUG] registry.get("system/processes/attach_security, nil") called
[    2.40] [    OK] New process named ComponentAdder with pid4 created
[    2.40] [    OK] Running boot script PlotOS/system32/boot/80_io.lua
[    2.75] [    OK] A driver has been loaded outside of a process (kernel or we have a major security issue)
[    2.75] [    OK] Running boot script PlotOS/system32/boot/999_run_shell.lua
[    2.75] [    OK] Starting shell...
[    2.75] [    OK] Opening file at /lib/screen.lua with mode r
[    3.10] [    OK] A driver has been loaded outside of a process (kernel or we have a major security issue)
[    3.10] [    OK] Opening file at /PlotOS/cursor.lua with mode r
[    3.45] [    OK] A driver has been loaded outside of a process (kernel or we have a major security issue)
[    3.45] [    OK] Opening file at /PlotOS/systemAutorun.lua with mode r
[    3.45] [    OK] Opening file at /bin/shell.lua with mode r
[    3.55] [    OK] load gpu drv
[    3.90] [    OK] A driver has been loaded outside of a process (kernel or we have a major security issue)
[    3.90] [    OK] loaded gpu drv
[    3.90] [    OK] got resolution
[    3.90] [ DEBUG] registry.get("system/processes/attach_security, nil") called
[    3.90] [    OK] New process named Shell with pid5 created
[    3.90] [    OK] Opening file at /bin/cursorblink.lua with mode r
[    3.90] [    OK] Opening file at /bin/journald.lua with mode r
[    3.95] [    OK] load gpu drv
[    4.25] [    OK] A driver has been loaded outside of a process (kernel or we have a major security issue)
[    4.25] [    OK] loaded gpu drv
[    4.25] [    OK] got resolution
[    4.25] [ DEBUG] registry.get("system/processes/attach_security, nil") called
[    4.25] [    OK] New process named journald with pid6 created
[    4.25] [    OK] Opening file at /autorun.lua with mode r
[    4.25] [    OK] Enviornment variable computerName has been set to PlotOS
[    4.25] [    OK] Enviornment variable user has been set to guest
[    4.55] [    OK] Opening file at /journal.log with mode a
[    4.55] [    OK] Journal daemon started
[    4.55] [    OK] Process with name ComponentAdder with pid 4 has died: 
[    7.05] [    OK] Opening file at /bin/test_streamlib.lua with mode r
[    7.10] [    OK] shell: program 'test_streamlib' failed to run: /lib/package.lua:51: file lib.stream.lua does not exist
[    7.10] [    OK] Opening file at /bin/test_streamlib with mode r
[   15.95] [    OK] Opening file at /bin/test_streamlib.lua with mode r
[   15.95] [    OK] shell: program 'test_streamlib' failed to run: /bin/test_streamlib.lua:13: Read should return 'Hello'
[   15.95] [    OK] Opening file at /bin/test_streamlib with mode r
[   30.20] [    OK] Opening file at /bin/test_streamlib.lua with mode r
[   30.20] [    OK] shell: program 'test_streamlib' failed to run: /bin/test_streamlib.lua:14: Read should return 'Hello'
[   30.20] [    OK] Opening file at /bin/test_streamlib with mode r
